<?xml version="1.0" encoding="UTF-8"?>
<coverage generated="1665015482578" clover="3.2.0">
  <project timestamp="1665015482578" name="All files">
    <metrics statements="3" coveredstatements="2" conditionals="0" coveredconditionals="0" methods="2" coveredmethods="1" elements="5" coveredelements="3" complexity="0" loc="3" ncloc="3" packages="1" files="1" classes="1"/>
    <file name="Guia1.jsx" path="C:\Users\Alien Ware\Documents\Semestre2_2022\Ing Software 2\EduSex3\components\ScreenGuias\Guia1.jsx">
      <metrics statements="3" coveredstatements="2" conditionals="0" coveredconditionals="0" methods="2" coveredmethods="1"/>
      <line num="7" count="1" type="stmt"/>
      <line num="79" count="1" type="stmt"/>
      <line num="113" count="0" type="stmt"/>
    </file>
  </project>
</coverage>
