{"C:\\Users\\josem\\Desktop\\EduSex\\assets\\anillo.png": {"path":"C:\\Users\\josem\\Desktop\\EduSex\\assets\\anillo.png","statementMap":{"0":{"start":{"line":1,"column":0},"end":{"line":1,"column":19}}},"fnMap":{},"branchMap":{},"s":{"0":1},"f":{},"b":{},"_coverageSchema":"1a1c01bbd47fc00a2c39e90264f33305004495a9","hash":"c4669109a5d597b03d36f39faeda07c58e7997c8"}
,"C:\\Users\\josem\\Desktop\\EduSex\\assets\\anilloUse.png": {"path":"C:\\Users\\josem\\Desktop\\EduSex\\assets\\anilloUse.png","statementMap":{"0":{"start":{"line":1,"column":0},"end":{"line":1,"column":19}}},"fnMap":{},"branchMap":{},"s":{"0":1},"f":{},"b":{},"_coverageSchema":"1a1c01bbd47fc00a2c39e90264f33305004495a9","hash":"64763a7cb99bad6679779b5a9c2b0336d0b52019"}
,"C:\\Users\\josem\\Desktop\\EduSex\\assets\\cFemenino.png": {"path":"C:\\Users\\josem\\Desktop\\EduSex\\assets\\cFemenino.png","statementMap":{"0":{"start":{"line":1,"column":0},"end":{"line":1,"column":19}}},"fnMap":{},"branchMap":{},"s":{"0":1},"f":{},"b":{},"_coverageSchema":"1a1c01bbd47fc00a2c39e90264f33305004495a9","hash":"b3b3fbfccf72d3a3185cba02f147054521e8878f"}
,"C:\\Users\\josem\\Desktop\\EduSex\\assets\\capuchon.png": {"path":"C:\\Users\\josem\\Desktop\\EduSex\\assets\\capuchon.png","statementMap":{"0":{"start":{"line":1,"column":0},"end":{"line":1,"column":19}}},"fnMap":{},"branchMap":{},"s":{"0":1},"f":{},"b":{},"_coverageSchema":"1a1c01bbd47fc00a2c39e90264f33305004495a9","hash":"aa43702c2251b880639ff71ea9178b06c10cac97"}
,"C:\\Users\\josem\\Desktop\\EduSex\\assets\\capuchonUse.png": {"path":"C:\\Users\\josem\\Desktop\\EduSex\\assets\\capuchonUse.png","statementMap":{"0":{"start":{"line":1,"column":0},"end":{"line":1,"column":19}}},"fnMap":{},"branchMap":{},"s":{"0":1},"f":{},"b":{},"_coverageSchema":"1a1c01bbd47fc00a2c39e90264f33305004495a9","hash":"88f8934b96a8c573b6a8d2728b2aec603d8150b7"}
,"C:\\Users\\josem\\Desktop\\EduSex\\assets\\condon.png": {"path":"C:\\Users\\josem\\Desktop\\EduSex\\assets\\condon.png","statementMap":{"0":{"start":{"line":1,"column":0},"end":{"line":1,"column":19}}},"fnMap":{},"branchMap":{},"s":{"0":1},"f":{},"b":{},"_coverageSchema":"1a1c01bbd47fc00a2c39e90264f33305004495a9","hash":"d3471240c16ed2fe6a2e0dece42c85e4082baf2e"}
,"C:\\Users\\josem\\Desktop\\EduSex\\assets\\condonUse.png": {"path":"C:\\Users\\josem\\Desktop\\EduSex\\assets\\condonUse.png","statementMap":{"0":{"start":{"line":1,"column":0},"end":{"line":1,"column":19}}},"fnMap":{},"branchMap":{},"s":{"0":1},"f":{},"b":{},"_coverageSchema":"1a1c01bbd47fc00a2c39e90264f33305004495a9","hash":"5ddcc901be0e759f66e5520e38c07fd377953e3d"}
,"C:\\Users\\josem\\Desktop\\EduSex\\assets\\condonfUse.png": {"path":"C:\\Users\\josem\\Desktop\\EduSex\\assets\\condonfUse.png","statementMap":{"0":{"start":{"line":1,"column":0},"end":{"line":1,"column":19}}},"fnMap":{},"branchMap":{},"s":{"0":1},"f":{},"b":{},"_coverageSchema":"1a1c01bbd47fc00a2c39e90264f33305004495a9","hash":"d4f9bd8b9d5ec282048b2494ad23c2119c863895"}
,"C:\\Users\\josem\\Desktop\\EduSex\\assets\\diafragma.png": {"path":"C:\\Users\\josem\\Desktop\\EduSex\\assets\\diafragma.png","statementMap":{"0":{"start":{"line":1,"column":0},"end":{"line":1,"column":19}}},"fnMap":{},"branchMap":{},"s":{"0":1},"f":{},"b":{},"_coverageSchema":"1a1c01bbd47fc00a2c39e90264f33305004495a9","hash":"b560e287455080bc9156e287085fbe26e30ccf47"}
,"C:\\Users\\josem\\Desktop\\EduSex\\assets\\diafragmaUse.png": {"path":"C:\\Users\\josem\\Desktop\\EduSex\\assets\\diafragmaUse.png","statementMap":{"0":{"start":{"line":1,"column":0},"end":{"line":1,"column":19}}},"fnMap":{},"branchMap":{},"s":{"0":1},"f":{},"b":{},"_coverageSchema":"1a1c01bbd47fc00a2c39e90264f33305004495a9","hash":"c9b484225ae75fb8f8b76389872db699ba693445"}
,"C:\\Users\\josem\\Desktop\\EduSex\\assets\\espermicida.png": {"path":"C:\\Users\\josem\\Desktop\\EduSex\\assets\\espermicida.png","statementMap":{"0":{"start":{"line":1,"column":0},"end":{"line":1,"column":19}}},"fnMap":{},"branchMap":{},"s":{"0":1},"f":{},"b":{},"_coverageSchema":"1a1c01bbd47fc00a2c39e90264f33305004495a9","hash":"97f1de54866a4b5d1eaf8115477d92285c22be07"}
,"C:\\Users\\josem\\Desktop\\EduSex\\assets\\espermicidaUse.png": {"path":"C:\\Users\\josem\\Desktop\\EduSex\\assets\\espermicidaUse.png","statementMap":{"0":{"start":{"line":1,"column":0},"end":{"line":1,"column":19}}},"fnMap":{},"branchMap":{},"s":{"0":1},"f":{},"b":{},"_coverageSchema":"1a1c01bbd47fc00a2c39e90264f33305004495a9","hash":"c85ea1dc923fa8e932a7867c6abf7a8fc4f8f65a"}
,"C:\\Users\\josem\\Desktop\\EduSex\\assets\\esponja.png": {"path":"C:\\Users\\josem\\Desktop\\EduSex\\assets\\esponja.png","statementMap":{"0":{"start":{"line":1,"column":0},"end":{"line":1,"column":19}}},"fnMap":{},"branchMap":{},"s":{"0":1},"f":{},"b":{},"_coverageSchema":"1a1c01bbd47fc00a2c39e90264f33305004495a9","hash":"870776daba8a77c0165539f824f35c9f625657ae"}
,"C:\\Users\\josem\\Desktop\\EduSex\\assets\\esponjaUse.png": {"path":"C:\\Users\\josem\\Desktop\\EduSex\\assets\\esponjaUse.png","statementMap":{"0":{"start":{"line":1,"column":0},"end":{"line":1,"column":19}}},"fnMap":{},"branchMap":{},"s":{"0":1},"f":{},"b":{},"_coverageSchema":"1a1c01bbd47fc00a2c39e90264f33305004495a9","hash":"366cf68356c6f1f37f95944daefa3c705073ba1c"}
,"C:\\Users\\josem\\Desktop\\EduSex\\assets\\guides.png": {"path":"C:\\Users\\josem\\Desktop\\EduSex\\assets\\guides.png","statementMap":{"0":{"start":{"line":1,"column":0},"end":{"line":1,"column":19}}},"fnMap":{},"branchMap":{},"s":{"0":1},"f":{},"b":{},"_coverageSchema":"1a1c01bbd47fc00a2c39e90264f33305004495a9","hash":"7d00309d3a47d9f7785f545f31578e6afeb885e6"}
,"C:\\Users\\josem\\Desktop\\EduSex\\assets\\home.png": {"path":"C:\\Users\\josem\\Desktop\\EduSex\\assets\\home.png","statementMap":{"0":{"start":{"line":1,"column":0},"end":{"line":1,"column":19}}},"fnMap":{},"branchMap":{},"s":{"0":1},"f":{},"b":{},"_coverageSchema":"1a1c01bbd47fc00a2c39e90264f33305004495a9","hash":"ee0fd882dbf47c9268d59d41eb71a6f27f5137f1"}
,"C:\\Users\\josem\\Desktop\\EduSex\\assets\\inyeccion.png": {"path":"C:\\Users\\josem\\Desktop\\EduSex\\assets\\inyeccion.png","statementMap":{"0":{"start":{"line":1,"column":0},"end":{"line":1,"column":19}}},"fnMap":{},"branchMap":{},"s":{"0":1},"f":{},"b":{},"_coverageSchema":"1a1c01bbd47fc00a2c39e90264f33305004495a9","hash":"08d904d2593d42b10d83f084753ddf737e8635ff"}
,"C:\\Users\\josem\\Desktop\\EduSex\\assets\\inyeccionUse.png": {"path":"C:\\Users\\josem\\Desktop\\EduSex\\assets\\inyeccionUse.png","statementMap":{"0":{"start":{"line":1,"column":0},"end":{"line":1,"column":19}}},"fnMap":{},"branchMap":{},"s":{"0":2},"f":{},"b":{},"_coverageSchema":"1a1c01bbd47fc00a2c39e90264f33305004495a9","hash":"69177fab08c611ce2eb6659ccc9ffd5445b7dbea"}
,"C:\\Users\\josem\\Desktop\\EduSex\\assets\\parche.png": {"path":"C:\\Users\\josem\\Desktop\\EduSex\\assets\\parche.png","statementMap":{"0":{"start":{"line":1,"column":0},"end":{"line":1,"column":19}}},"fnMap":{},"branchMap":{},"s":{"0":1},"f":{},"b":{},"_coverageSchema":"1a1c01bbd47fc00a2c39e90264f33305004495a9","hash":"dc0056c74cb148a05a54b42856e05b98e1a80870"}
,"C:\\Users\\josem\\Desktop\\EduSex\\assets\\parcheUse.png": {"path":"C:\\Users\\josem\\Desktop\\EduSex\\assets\\parcheUse.png","statementMap":{"0":{"start":{"line":1,"column":0},"end":{"line":1,"column":19}}},"fnMap":{},"branchMap":{},"s":{"0":1},"f":{},"b":{},"_coverageSchema":"1a1c01bbd47fc00a2c39e90264f33305004495a9","hash":"64c9d9968a65a244bea385d1a53fc09dc19f2345"}
,"C:\\Users\\josem\\Desktop\\EduSex\\assets\\pastilla.png": {"path":"C:\\Users\\josem\\Desktop\\EduSex\\assets\\pastilla.png","statementMap":{"0":{"start":{"line":1,"column":0},"end":{"line":1,"column":19}}},"fnMap":{},"branchMap":{},"s":{"0":1},"f":{},"b":{},"_coverageSchema":"1a1c01bbd47fc00a2c39e90264f33305004495a9","hash":"cc476a5946601d553e704a31e66d87fdb5d93200"}
,"C:\\Users\\josem\\Desktop\\EduSex\\assets\\preser.png": {"path":"C:\\Users\\josem\\Desktop\\EduSex\\assets\\preser.png","statementMap":{"0":{"start":{"line":1,"column":0},"end":{"line":1,"column":19}}},"fnMap":{},"branchMap":{},"s":{"0":1},"f":{},"b":{},"_coverageSchema":"1a1c01bbd47fc00a2c39e90264f33305004495a9","hash":"a35225f47f70724c2ac38e72fee8ef992c60cac6"}
,"C:\\Users\\josem\\Desktop\\EduSex\\assets\\profile.png": {"path":"C:\\Users\\josem\\Desktop\\EduSex\\assets\\profile.png","statementMap":{"0":{"start":{"line":1,"column":0},"end":{"line":1,"column":19}}},"fnMap":{},"branchMap":{},"s":{"0":1},"f":{},"b":{},"_coverageSchema":"1a1c01bbd47fc00a2c39e90264f33305004495a9","hash":"2a34ce578d190090bbcbabe0bbe1b27f7d73989e"}
,"C:\\Users\\josem\\Desktop\\EduSex\\assets\\questions.png": {"path":"C:\\Users\\josem\\Desktop\\EduSex\\assets\\questions.png","statementMap":{"0":{"start":{"line":1,"column":0},"end":{"line":1,"column":19}}},"fnMap":{},"branchMap":{},"s":{"0":1},"f":{},"b":{},"_coverageSchema":"1a1c01bbd47fc00a2c39e90264f33305004495a9","hash":"43e86b9a88d52dbd88eb824ca93de5929afd7169"}
,"C:\\Users\\josem\\Desktop\\EduSex\\components\\NavBar\\navbar.jsx": {"path":"C:\\Users\\josem\\Desktop\\EduSex\\components\\NavBar\\navbar.jsx","statementMap":{"0":{"start":{"line":6,"column":18},"end":{"line":6,"column":52}},"1":{"start":{"line":7,"column":18},"end":{"line":7,"column":52}},"2":{"start":{"line":8,"column":16},"end":{"line":8,"column":48}},"3":{"start":{"line":9,"column":21},"end":{"line":9,"column":58}},"4":{"start":{"line":10,"column":19},"end":{"line":10,"column":54}},"5":{"start":{"line":12,"column":15},"end":{"line":27,"column":2}},"6":{"start":{"line":30,"column":2},"end":{"line":70,"column":4}},"7":{"start":{"line":35,"column":34},"end":{"line":35,"column":62}},"8":{"start":{"line":42,"column":34},"end":{"line":42,"column":64}},"9":{"start":{"line":49,"column":34},"end":{"line":49,"column":62}},"10":{"start":{"line":56,"column":34},"end":{"line":56,"column":64}},"11":{"start":{"line":63,"column":34},"end":{"line":63,"column":62}}},"fnMap":{"0":{"name":"NavBar","decl":{"start":{"line":29,"column":9},"end":{"line":29,"column":15}},"loc":{"start":{"line":29,"column":32},"end":{"line":71,"column":1}},"line":29},"1":{"name":"(anonymous_1)","decl":{"start":{"line":35,"column":28},"end":{"line":35,"column":29}},"loc":{"start":{"line":35,"column":34},"end":{"line":35,"column":62}},"line":35},"2":{"name":"(anonymous_2)","decl":{"start":{"line":42,"column":28},"end":{"line":42,"column":29}},"loc":{"start":{"line":42,"column":34},"end":{"line":42,"column":64}},"line":42},"3":{"name":"(anonymous_3)","decl":{"start":{"line":49,"column":28},"end":{"line":49,"column":29}},"loc":{"start":{"line":49,"column":34},"end":{"line":49,"column":62}},"line":49},"4":{"name":"(anonymous_4)","decl":{"start":{"line":56,"column":28},"end":{"line":56,"column":29}},"loc":{"start":{"line":56,"column":34},"end":{"line":56,"column":64}},"line":56},"5":{"name":"(anonymous_5)","decl":{"start":{"line":63,"column":28},"end":{"line":63,"column":29}},"loc":{"start":{"line":63,"column":34},"end":{"line":63,"column":62}},"line":63}},"branchMap":{},"s":{"0":1,"1":1,"2":1,"3":1,"4":1,"5":1,"6":1,"7":0,"8":0,"9":0,"10":0,"11":0},"f":{"0":1,"1":0,"2":0,"3":0,"4":0,"5":0},"b":{},"_coverageSchema":"1a1c01bbd47fc00a2c39e90264f33305004495a9","hash":"e4fc20da89078467e4b1db8519dff5dd44c82265"}
,"C:\\Users\\josem\\Desktop\\EduSex\\components\\ScreenGuias\\Guia1.jsx": {"path":"C:\\Users\\josem\\Desktop\\EduSex\\components\\ScreenGuias\\Guia1.jsx","statementMap":{"0":{"start":{"line":7,"column":15},"end":{"line":76,"column":2}},"1":{"start":{"line":79,"column":2},"end":{"line":121,"column":4}},"2":{"start":{"line":113,"column":27},"end":{"line":113,"column":61}}},"fnMap":{"0":{"name":"Guia1","decl":{"start":{"line":78,"column":9},"end":{"line":78,"column":14}},"loc":{"start":{"line":78,"column":31},"end":{"line":122,"column":1}},"line":78},"1":{"name":"(anonymous_1)","decl":{"start":{"line":113,"column":21},"end":{"line":113,"column":22}},"loc":{"start":{"line":113,"column":27},"end":{"line":113,"column":61}},"line":113}},"branchMap":{},"s":{"0":1,"1":1,"2":0},"f":{"0":1,"1":0},"b":{},"_coverageSchema":"1a1c01bbd47fc00a2c39e90264f33305004495a9","hash":"8d218ddc16fe79c2c194491a56bea064aa3c52ea"}
,"C:\\Users\\josem\\Desktop\\EduSex\\components\\ScreenGuias\\Preguntas1.jsx": {"path":"C:\\Users\\josem\\Desktop\\EduSex\\components\\ScreenGuias\\Preguntas1.jsx","statementMap":{"0":{"start":{"line":8,"column":15},"end":{"line":66,"column":2}},"1":{"start":{"line":69,"column":21},"end":{"line":69,"column":46}},"2":{"start":{"line":70,"column":29},"end":{"line":70,"column":41}},"3":{"start":{"line":71,"column":29},"end":{"line":71,"column":41}},"4":{"start":{"line":72,"column":29},"end":{"line":72,"column":41}},"5":{"start":{"line":73,"column":29},"end":{"line":73,"column":41}},"6":{"start":{"line":74,"column":29},"end":{"line":74,"column":41}},"7":{"start":{"line":77,"column":16},"end":{"line":77,"column":46}},"8":{"start":{"line":78,"column":15},"end":{"line":78,"column":16}},"9":{"start":{"line":79,"column":4},"end":{"line":83,"column":5}},"10":{"start":{"line":79,"column":17},"end":{"line":79,"column":18}},"11":{"start":{"line":80,"column":6},"end":{"line":82,"column":7}},"12":{"start":{"line":81,"column":8},"end":{"line":81,"column":18}},"13":{"start":{"line":85,"column":4},"end":{"line":89,"column":7}},"14":{"start":{"line":92,"column":2},"end":{"line":220,"column":4}},"15":{"start":{"line":105,"column":29},"end":{"line":105,"column":44}},"16":{"start":{"line":113,"column":29},"end":{"line":113,"column":44}},"17":{"start":{"line":128,"column":29},"end":{"line":128,"column":44}},"18":{"start":{"line":136,"column":29},"end":{"line":136,"column":44}},"19":{"start":{"line":151,"column":29},"end":{"line":151,"column":44}},"20":{"start":{"line":159,"column":29},"end":{"line":159,"column":44}},"21":{"start":{"line":174,"column":29},"end":{"line":174,"column":44}},"22":{"start":{"line":182,"column":29},"end":{"line":182,"column":44}},"23":{"start":{"line":196,"column":29},"end":{"line":196,"column":44}},"24":{"start":{"line":204,"column":29},"end":{"line":204,"column":44}}},"fnMap":{"0":{"name":"Preguntas1","decl":{"start":{"line":68,"column":9},"end":{"line":68,"column":19}},"loc":{"start":{"line":68,"column":36},"end":{"line":221,"column":1}},"line":68},"1":{"name":"calificar","decl":{"start":{"line":76,"column":11},"end":{"line":76,"column":20}},"loc":{"start":{"line":76,"column":23},"end":{"line":90,"column":3}},"line":76},"2":{"name":"(anonymous_2)","decl":{"start":{"line":105,"column":23},"end":{"line":105,"column":24}},"loc":{"start":{"line":105,"column":29},"end":{"line":105,"column":44}},"line":105},"3":{"name":"(anonymous_3)","decl":{"start":{"line":113,"column":23},"end":{"line":113,"column":24}},"loc":{"start":{"line":113,"column":29},"end":{"line":113,"column":44}},"line":113},"4":{"name":"(anonymous_4)","decl":{"start":{"line":128,"column":23},"end":{"line":128,"column":24}},"loc":{"start":{"line":128,"column":29},"end":{"line":128,"column":44}},"line":128},"5":{"name":"(anonymous_5)","decl":{"start":{"line":136,"column":23},"end":{"line":136,"column":24}},"loc":{"start":{"line":136,"column":29},"end":{"line":136,"column":44}},"line":136},"6":{"name":"(anonymous_6)","decl":{"start":{"line":151,"column":23},"end":{"line":151,"column":24}},"loc":{"start":{"line":151,"column":29},"end":{"line":151,"column":44}},"line":151},"7":{"name":"(anonymous_7)","decl":{"start":{"line":159,"column":23},"end":{"line":159,"column":24}},"loc":{"start":{"line":159,"column":29},"end":{"line":159,"column":44}},"line":159},"8":{"name":"(anonymous_8)","decl":{"start":{"line":174,"column":23},"end":{"line":174,"column":24}},"loc":{"start":{"line":174,"column":29},"end":{"line":174,"column":44}},"line":174},"9":{"name":"(anonymous_9)","decl":{"start":{"line":182,"column":23},"end":{"line":182,"column":24}},"loc":{"start":{"line":182,"column":29},"end":{"line":182,"column":44}},"line":182},"10":{"name":"(anonymous_10)","decl":{"start":{"line":196,"column":23},"end":{"line":196,"column":24}},"loc":{"start":{"line":196,"column":29},"end":{"line":196,"column":44}},"line":196},"11":{"name":"(anonymous_11)","decl":{"start":{"line":204,"column":23},"end":{"line":204,"column":24}},"loc":{"start":{"line":204,"column":29},"end":{"line":204,"column":44}},"line":204}},"branchMap":{"0":{"loc":{"start":{"line":80,"column":6},"end":{"line":82,"column":7}},"type":"if","locations":[{"start":{"line":80,"column":6},"end":{"line":82,"column":7}},{"start":{},"end":{}}],"line":80}},"s":{"0":1,"1":1,"2":1,"3":1,"4":1,"5":1,"6":1,"7":0,"8":0,"9":0,"10":0,"11":0,"12":0,"13":0,"14":1,"15":0,"16":0,"17":0,"18":0,"19":0,"20":0,"21":0,"22":0,"23":0,"24":0},"f":{"0":1,"1":0,"2":0,"3":0,"4":0,"5":0,"6":0,"7":0,"8":0,"9":0,"10":0,"11":0},"b":{"0":[0,0]},"_coverageSchema":"1a1c01bbd47fc00a2c39e90264f33305004495a9","hash":"2e6c945b239d8c64eff6d53a865b142692ee4984"}
,"C:\\Users\\josem\\Desktop\\EduSex\\components\\condoms\\Condoms.jsx": {"path":"C:\\Users\\josem\\Desktop\\EduSex\\components\\condoms\\Condoms.jsx","statementMap":{"0":{"start":{"line":7,"column":18},"end":{"line":7,"column":52}},"1":{"start":{"line":8,"column":20},"end":{"line":8,"column":56}},"2":{"start":{"line":9,"column":21},"end":{"line":9,"column":58}},"3":{"start":{"line":10,"column":22},"end":{"line":10,"column":56}},"4":{"start":{"line":11,"column":21},"end":{"line":11,"column":58}},"5":{"start":{"line":12,"column":23},"end":{"line":12,"column":62}},"6":{"start":{"line":13,"column":19},"end":{"line":13,"column":54}},"7":{"start":{"line":14,"column":21},"end":{"line":14,"column":58}},"8":{"start":{"line":15,"column":18},"end":{"line":15,"column":52}},"9":{"start":{"line":16,"column":20},"end":{"line":16,"column":56}},"10":{"start":{"line":18,"column":15},"end":{"line":85,"column":2}},"11":{"start":{"line":88,"column":2},"end":{"line":247,"column":4}},"12":{"start":{"line":95,"column":20},"end":{"line":95,"column":50}},"13":{"start":{"line":110,"column":20},"end":{"line":110,"column":50}},"14":{"start":{"line":125,"column":20},"end":{"line":125,"column":50}},"15":{"start":{"line":140,"column":20},"end":{"line":140,"column":50}},"16":{"start":{"line":155,"column":20},"end":{"line":155,"column":50}},"17":{"start":{"line":170,"column":20},"end":{"line":170,"column":50}},"18":{"start":{"line":185,"column":20},"end":{"line":185,"column":50}},"19":{"start":{"line":200,"column":20},"end":{"line":200,"column":50}},"20":{"start":{"line":215,"column":20},"end":{"line":215,"column":50}},"21":{"start":{"line":230,"column":20},"end":{"line":230,"column":51}}},"fnMap":{"0":{"name":"Condoms","decl":{"start":{"line":87,"column":9},"end":{"line":87,"column":16}},"loc":{"start":{"line":87,"column":33},"end":{"line":248,"column":1}},"line":87},"1":{"name":"(anonymous_1)","decl":{"start":{"line":95,"column":14},"end":{"line":95,"column":15}},"loc":{"start":{"line":95,"column":20},"end":{"line":95,"column":50}},"line":95},"2":{"name":"(anonymous_2)","decl":{"start":{"line":110,"column":14},"end":{"line":110,"column":15}},"loc":{"start":{"line":110,"column":20},"end":{"line":110,"column":50}},"line":110},"3":{"name":"(anonymous_3)","decl":{"start":{"line":125,"column":14},"end":{"line":125,"column":15}},"loc":{"start":{"line":125,"column":20},"end":{"line":125,"column":50}},"line":125},"4":{"name":"(anonymous_4)","decl":{"start":{"line":140,"column":14},"end":{"line":140,"column":15}},"loc":{"start":{"line":140,"column":20},"end":{"line":140,"column":50}},"line":140},"5":{"name":"(anonymous_5)","decl":{"start":{"line":155,"column":14},"end":{"line":155,"column":15}},"loc":{"start":{"line":155,"column":20},"end":{"line":155,"column":50}},"line":155},"6":{"name":"(anonymous_6)","decl":{"start":{"line":170,"column":14},"end":{"line":170,"column":15}},"loc":{"start":{"line":170,"column":20},"end":{"line":170,"column":50}},"line":170},"7":{"name":"(anonymous_7)","decl":{"start":{"line":185,"column":14},"end":{"line":185,"column":15}},"loc":{"start":{"line":185,"column":20},"end":{"line":185,"column":50}},"line":185},"8":{"name":"(anonymous_8)","decl":{"start":{"line":200,"column":14},"end":{"line":200,"column":15}},"loc":{"start":{"line":200,"column":20},"end":{"line":200,"column":50}},"line":200},"9":{"name":"(anonymous_9)","decl":{"start":{"line":215,"column":14},"end":{"line":215,"column":15}},"loc":{"start":{"line":215,"column":20},"end":{"line":215,"column":50}},"line":215},"10":{"name":"(anonymous_10)","decl":{"start":{"line":230,"column":14},"end":{"line":230,"column":15}},"loc":{"start":{"line":230,"column":20},"end":{"line":230,"column":51}},"line":230}},"branchMap":{},"s":{"0":1,"1":1,"2":1,"3":1,"4":1,"5":1,"6":1,"7":1,"8":1,"9":1,"10":1,"11":1,"12":0,"13":0,"14":0,"15":0,"16":0,"17":0,"18":0,"19":0,"20":0,"21":0},"f":{"0":1,"1":0,"2":0,"3":0,"4":0,"5":0,"6":0,"7":0,"8":0,"9":0,"10":0},"b":{},"_coverageSchema":"1a1c01bbd47fc00a2c39e90264f33305004495a9","hash":"0a22d697063361d20120bbd260af8b6206763e08"}
,"C:\\Users\\josem\\Desktop\\EduSex\\components\\condoms\\Screen1.jsx": {"path":"C:\\Users\\josem\\Desktop\\EduSex\\components\\condoms\\Screen1.jsx","statementMap":{"0":{"start":{"line":6,"column":21},"end":{"line":6,"column":58}},"1":{"start":{"line":8,"column":15},"end":{"line":45,"column":2}},"2":{"start":{"line":48,"column":2},"end":{"line":77,"column":4}}},"fnMap":{"0":{"name":"Screen1","decl":{"start":{"line":47,"column":9},"end":{"line":47,"column":16}},"loc":{"start":{"line":47,"column":19},"end":{"line":78,"column":1}},"line":47}},"branchMap":{},"s":{"0":1,"1":1,"2":1},"f":{"0":1},"b":{},"_coverageSchema":"1a1c01bbd47fc00a2c39e90264f33305004495a9","hash":"e1c44c4d87a5b6f0bd8632b74b5dd030a92084c3"}
,"C:\\Users\\josem\\Desktop\\EduSex\\components\\condoms\\Screen10.jsx": {"path":"C:\\Users\\josem\\Desktop\\EduSex\\components\\condoms\\Screen10.jsx","statementMap":{"0":{"start":{"line":6,"column":23},"end":{"line":6,"column":63}},"1":{"start":{"line":8,"column":15},"end":{"line":45,"column":2}},"2":{"start":{"line":48,"column":2},"end":{"line":80,"column":4}}},"fnMap":{"0":{"name":"Screen10","decl":{"start":{"line":47,"column":9},"end":{"line":47,"column":17}},"loc":{"start":{"line":47,"column":20},"end":{"line":81,"column":1}},"line":47}},"branchMap":{},"s":{"0":1,"1":1,"2":1},"f":{"0":1},"b":{},"_coverageSchema":"1a1c01bbd47fc00a2c39e90264f33305004495a9","hash":"b7f1ddf493286b485415fe0feaeb3f38d3a00e4f"}
,"C:\\Users\\josem\\Desktop\\EduSex\\components\\condoms\\Screen2.jsx": {"path":"C:\\Users\\josem\\Desktop\\EduSex\\components\\condoms\\Screen2.jsx","statementMap":{"0":{"start":{"line":6,"column":23},"end":{"line":6,"column":62}},"1":{"start":{"line":8,"column":15},"end":{"line":45,"column":2}},"2":{"start":{"line":48,"column":2},"end":{"line":80,"column":4}}},"fnMap":{"0":{"name":"Screen2","decl":{"start":{"line":47,"column":9},"end":{"line":47,"column":16}},"loc":{"start":{"line":47,"column":19},"end":{"line":81,"column":1}},"line":47}},"branchMap":{},"s":{"0":1,"1":1,"2":1},"f":{"0":1},"b":{},"_coverageSchema":"1a1c01bbd47fc00a2c39e90264f33305004495a9","hash":"2e645a56385b765030503abc801a139e797e3cef"}
,"C:\\Users\\josem\\Desktop\\EduSex\\components\\condoms\\Screen3.jsx": {"path":"C:\\Users\\josem\\Desktop\\EduSex\\components\\condoms\\Screen3.jsx","statementMap":{"0":{"start":{"line":6,"column":22},"end":{"line":6,"column":60}},"1":{"start":{"line":8,"column":15},"end":{"line":45,"column":2}},"2":{"start":{"line":48,"column":2},"end":{"line":72,"column":4}}},"fnMap":{"0":{"name":"Screen3","decl":{"start":{"line":47,"column":9},"end":{"line":47,"column":16}},"loc":{"start":{"line":47,"column":19},"end":{"line":73,"column":1}},"line":47}},"branchMap":{},"s":{"0":1,"1":1,"2":1},"f":{"0":1},"b":{},"_coverageSchema":"1a1c01bbd47fc00a2c39e90264f33305004495a9","hash":"3856ee5e2da950392acff02df06e0e5d356ae82b"}
,"C:\\Users\\josem\\Desktop\\EduSex\\components\\condoms\\Screen4.jsx": {"path":"C:\\Users\\josem\\Desktop\\EduSex\\components\\condoms\\Screen4.jsx","statementMap":{"0":{"start":{"line":6,"column":21},"end":{"line":6,"column":58}},"1":{"start":{"line":8,"column":15},"end":{"line":45,"column":2}},"2":{"start":{"line":48,"column":2},"end":{"line":78,"column":4}}},"fnMap":{"0":{"name":"Screen4","decl":{"start":{"line":47,"column":9},"end":{"line":47,"column":16}},"loc":{"start":{"line":47,"column":19},"end":{"line":79,"column":1}},"line":47}},"branchMap":{},"s":{"0":1,"1":1,"2":1},"f":{"0":1},"b":{},"_coverageSchema":"1a1c01bbd47fc00a2c39e90264f33305004495a9","hash":"d30fa4b647b4bcf1aa6701ad22caae95854ff60e"}
,"C:\\Users\\josem\\Desktop\\EduSex\\components\\condoms\\Screen5.jsx": {"path":"C:\\Users\\josem\\Desktop\\EduSex\\components\\condoms\\Screen5.jsx","statementMap":{"0":{"start":{"line":6,"column":24},"end":{"line":6,"column":64}},"1":{"start":{"line":8,"column":15},"end":{"line":45,"column":2}},"2":{"start":{"line":48,"column":2},"end":{"line":83,"column":4}}},"fnMap":{"0":{"name":"Screen5","decl":{"start":{"line":47,"column":9},"end":{"line":47,"column":16}},"loc":{"start":{"line":47,"column":19},"end":{"line":84,"column":1}},"line":47}},"branchMap":{},"s":{"0":1,"1":1,"2":1},"f":{"0":1},"b":{},"_coverageSchema":"1a1c01bbd47fc00a2c39e90264f33305004495a9","hash":"2ad0db9cddeee4a29f77ae1d34eb153eb7a02654"}
,"C:\\Users\\josem\\Desktop\\EduSex\\components\\condoms\\Screen6.jsx": {"path":"C:\\Users\\josem\\Desktop\\EduSex\\components\\condoms\\Screen6.jsx","statementMap":{"0":{"start":{"line":6,"column":26},"end":{"line":6,"column":68}},"1":{"start":{"line":8,"column":15},"end":{"line":45,"column":2}},"2":{"start":{"line":48,"column":2},"end":{"line":77,"column":4}}},"fnMap":{"0":{"name":"Screen6","decl":{"start":{"line":47,"column":9},"end":{"line":47,"column":16}},"loc":{"start":{"line":47,"column":19},"end":{"line":78,"column":1}},"line":47}},"branchMap":{},"s":{"0":1,"1":1,"2":1},"f":{"0":1},"b":{},"_coverageSchema":"1a1c01bbd47fc00a2c39e90264f33305004495a9","hash":"67fb3f397253e4e9028464d4cc41a6c6cd475df7"}
,"C:\\Users\\josem\\Desktop\\EduSex\\components\\condoms\\Screen7.jsx": {"path":"C:\\Users\\josem\\Desktop\\EduSex\\components\\condoms\\Screen7.jsx","statementMap":{"0":{"start":{"line":6,"column":22},"end":{"line":6,"column":60}},"1":{"start":{"line":8,"column":15},"end":{"line":45,"column":2}},"2":{"start":{"line":48,"column":2},"end":{"line":82,"column":4}}},"fnMap":{"0":{"name":"Screen7","decl":{"start":{"line":47,"column":9},"end":{"line":47,"column":16}},"loc":{"start":{"line":47,"column":19},"end":{"line":83,"column":1}},"line":47}},"branchMap":{},"s":{"0":1,"1":1,"2":1},"f":{"0":1},"b":{},"_coverageSchema":"1a1c01bbd47fc00a2c39e90264f33305004495a9","hash":"8f0b6d111d415b96c9ebec6dcdcd6b3c6ca9c02b"}
,"C:\\Users\\josem\\Desktop\\EduSex\\components\\condoms\\Screen8.jsx": {"path":"C:\\Users\\josem\\Desktop\\EduSex\\components\\condoms\\Screen8.jsx","statementMap":{"0":{"start":{"line":6,"column":24},"end":{"line":6,"column":64}},"1":{"start":{"line":8,"column":15},"end":{"line":45,"column":2}},"2":{"start":{"line":48,"column":2},"end":{"line":76,"column":4}}},"fnMap":{"0":{"name":"Screen8","decl":{"start":{"line":47,"column":9},"end":{"line":47,"column":16}},"loc":{"start":{"line":47,"column":19},"end":{"line":77,"column":1}},"line":47}},"branchMap":{},"s":{"0":1,"1":1,"2":1},"f":{"0":1},"b":{},"_coverageSchema":"1a1c01bbd47fc00a2c39e90264f33305004495a9","hash":"c4d72e6d778b203cd2673f6a852bdb3c8db143fc"}
,"C:\\Users\\josem\\Desktop\\EduSex\\components\\condoms\\Screen9.jsx": {"path":"C:\\Users\\josem\\Desktop\\EduSex\\components\\condoms\\Screen9.jsx","statementMap":{"0":{"start":{"line":7,"column":21},"end":{"line":7,"column":58}},"1":{"start":{"line":9,"column":15},"end":{"line":46,"column":2}},"2":{"start":{"line":49,"column":2},"end":{"line":84,"column":4}}},"fnMap":{"0":{"name":"Screen9","decl":{"start":{"line":48,"column":9},"end":{"line":48,"column":16}},"loc":{"start":{"line":48,"column":19},"end":{"line":85,"column":1}},"line":48}},"branchMap":{},"s":{"0":1,"1":1,"2":1},"f":{"0":1},"b":{},"_coverageSchema":"1a1c01bbd47fc00a2c39e90264f33305004495a9","hash":"e16aaea285d0f84147e0c52ec86f7cf964f932c7"}
}
