{"C:\\Users\\Alien Ware\\Documents\\Semestre2_2022\\Ing Software 2\\EduSex3\\components\\ScreenGuias\\Guia1.jsx": {"path":"C:\\Users\\Alien Ware\\Documents\\Semestre2_2022\\Ing Software 2\\EduSex3\\components\\ScreenGuias\\Guia1.jsx","statementMap":{"0":{"start":{"line":7,"column":15},"end":{"line":76,"column":2}},"1":{"start":{"line":79,"column":2},"end":{"line":121,"column":4}},"2":{"start":{"line":113,"column":27},"end":{"line":113,"column":61}}},"fnMap":{"0":{"name":"Guia1","decl":{"start":{"line":78,"column":9},"end":{"line":78,"column":14}},"loc":{"start":{"line":78,"column":31},"end":{"line":122,"column":1}},"line":78},"1":{"name":"(anonymous_1)","decl":{"start":{"line":113,"column":21},"end":{"line":113,"column":22}},"loc":{"start":{"line":113,"column":27},"end":{"line":113,"column":61}},"line":113}},"branchMap":{},"s":{"0":1,"1":1,"2":0},"f":{"0":1,"1":0},"b":{},"_coverageSchema":"1a1c01bbd47fc00a2c39e90264f33305004495a9","hash":"ffc00d0500e12e9e7b0336fe2ef98e101f2f8112"}
}
