TN:
SF:assets\anillo.png
FNF:0
FNH:0
DA:1,1
LF:1
LH:1
BRF:0
BRH:0
end_of_record
TN:
SF:assets\anilloUse.png
FNF:0
FNH:0
DA:1,1
LF:1
LH:1
BRF:0
BRH:0
end_of_record
TN:
SF:assets\cFemenino.png
FNF:0
FNH:0
DA:1,1
LF:1
LH:1
BRF:0
BRH:0
end_of_record
TN:
SF:assets\capuchon.png
FNF:0
FNH:0
DA:1,1
LF:1
LH:1
BRF:0
BRH:0
end_of_record
TN:
SF:assets\capuchonUse.png
FNF:0
FNH:0
DA:1,1
LF:1
LH:1
BRF:0
BRH:0
end_of_record
TN:
SF:assets\condon.png
FNF:0
FNH:0
DA:1,1
LF:1
LH:1
BRF:0
BRH:0
end_of_record
TN:
SF:assets\condonUse.png
FNF:0
FNH:0
DA:1,1
LF:1
LH:1
BRF:0
BRH:0
end_of_record
TN:
SF:assets\condonfUse.png
FNF:0
FNH:0
DA:1,1
LF:1
LH:1
BRF:0
BRH:0
end_of_record
TN:
SF:assets\diafragma.png
FNF:0
FNH:0
DA:1,1
LF:1
LH:1
BRF:0
BRH:0
end_of_record
TN:
SF:assets\diafragmaUse.png
FNF:0
FNH:0
DA:1,1
LF:1
LH:1
BRF:0
BRH:0
end_of_record
TN:
SF:assets\espermicida.png
FNF:0
FNH:0
DA:1,1
LF:1
LH:1
BRF:0
BRH:0
end_of_record
TN:
SF:assets\espermicidaUse.png
FNF:0
FNH:0
DA:1,1
LF:1
LH:1
BRF:0
BRH:0
end_of_record
TN:
SF:assets\esponja.png
FNF:0
FNH:0
DA:1,1
LF:1
LH:1
BRF:0
BRH:0
end_of_record
TN:
SF:assets\esponjaUse.png
FNF:0
FNH:0
DA:1,1
LF:1
LH:1
BRF:0
BRH:0
end_of_record
TN:
SF:assets\guides.png
FNF:0
FNH:0
DA:1,1
LF:1
LH:1
BRF:0
BRH:0
end_of_record
TN:
SF:assets\home.png
FNF:0
FNH:0
DA:1,1
LF:1
LH:1
BRF:0
BRH:0
end_of_record
TN:
SF:assets\inyeccion.png
FNF:0
FNH:0
DA:1,1
LF:1
LH:1
BRF:0
BRH:0
end_of_record
TN:
SF:assets\inyeccionUse.png
FNF:0
FNH:0
DA:1,2
LF:1
LH:1
BRF:0
BRH:0
end_of_record
TN:
SF:assets\parche.png
FNF:0
FNH:0
DA:1,1
LF:1
LH:1
BRF:0
BRH:0
end_of_record
TN:
SF:assets\parcheUse.png
FNF:0
FNH:0
DA:1,1
LF:1
LH:1
BRF:0
BRH:0
end_of_record
TN:
SF:assets\pastilla.png
FNF:0
FNH:0
DA:1,1
LF:1
LH:1
BRF:0
BRH:0
end_of_record
TN:
SF:assets\preser.png
FNF:0
FNH:0
DA:1,1
LF:1
LH:1
BRF:0
BRH:0
end_of_record
TN:
SF:assets\profile.png
FNF:0
FNH:0
DA:1,1
LF:1
LH:1
BRF:0
BRH:0
end_of_record
TN:
SF:assets\questions.png
FNF:0
FNH:0
DA:1,1
LF:1
LH:1
BRF:0
BRH:0
end_of_record
TN:
SF:components\NavBar\navbar.jsx
FN:29,NavBar
FN:35,(anonymous_1)
FN:42,(anonymous_2)
FN:49,(anonymous_3)
FN:56,(anonymous_4)
FN:63,(anonymous_5)
FNF:6
FNH:1
FNDA:1,NavBar
FNDA:0,(anonymous_1)
FNDA:0,(anonymous_2)
FNDA:0,(anonymous_3)
FNDA:0,(anonymous_4)
FNDA:0,(anonymous_5)
DA:6,1
DA:7,1
DA:8,1
DA:9,1
DA:10,1
DA:12,1
DA:30,1
DA:35,0
DA:42,0
DA:49,0
DA:56,0
DA:63,0
LF:12
LH:7
BRF:0
BRH:0
end_of_record
TN:
SF:components\ScreenGuias\Guia1.jsx
FN:78,Guia1
FN:113,(anonymous_1)
FNF:2
FNH:1
FNDA:1,Guia1
FNDA:0,(anonymous_1)
DA:7,1
DA:79,1
DA:113,0
LF:3
LH:2
BRF:0
BRH:0
end_of_record
TN:
SF:components\ScreenGuias\Preguntas1.jsx
FN:68,Preguntas1
FN:76,calificar
FN:105,(anonymous_2)
FN:113,(anonymous_3)
FN:128,(anonymous_4)
FN:136,(anonymous_5)
FN:151,(anonymous_6)
FN:159,(anonymous_7)
FN:174,(anonymous_8)
FN:182,(anonymous_9)
FN:196,(anonymous_10)
FN:204,(anonymous_11)
FNF:12
FNH:1
FNDA:1,Preguntas1
FNDA:0,calificar
FNDA:0,(anonymous_2)
FNDA:0,(anonymous_3)
FNDA:0,(anonymous_4)
FNDA:0,(anonymous_5)
FNDA:0,(anonymous_6)
FNDA:0,(anonymous_7)
FNDA:0,(anonymous_8)
FNDA:0,(anonymous_9)
FNDA:0,(anonymous_10)
FNDA:0,(anonymous_11)
DA:8,1
DA:69,1
DA:70,1
DA:71,1
DA:72,1
DA:73,1
DA:74,1
DA:77,0
DA:78,0
DA:79,0
DA:80,0
DA:81,0
DA:85,0
DA:92,1
DA:105,0
DA:113,0
DA:128,0
DA:136,0
DA:151,0
DA:159,0
DA:174,0
DA:182,0
DA:196,0
DA:204,0
LF:24
LH:8
BRDA:80,0,0,0
BRDA:80,0,1,0
BRF:2
BRH:0
end_of_record
TN:
SF:components\condoms\Condoms.jsx
FN:87,Condoms
FN:95,(anonymous_1)
FN:110,(anonymous_2)
FN:125,(anonymous_3)
FN:140,(anonymous_4)
FN:155,(anonymous_5)
FN:170,(anonymous_6)
FN:185,(anonymous_7)
FN:200,(anonymous_8)
FN:215,(anonymous_9)
FN:230,(anonymous_10)
FNF:11
FNH:1
FNDA:1,Condoms
FNDA:0,(anonymous_1)
FNDA:0,(anonymous_2)
FNDA:0,(anonymous_3)
FNDA:0,(anonymous_4)
FNDA:0,(anonymous_5)
FNDA:0,(anonymous_6)
FNDA:0,(anonymous_7)
FNDA:0,(anonymous_8)
FNDA:0,(anonymous_9)
FNDA:0,(anonymous_10)
DA:7,1
DA:8,1
DA:9,1
DA:10,1
DA:11,1
DA:12,1
DA:13,1
DA:14,1
DA:15,1
DA:16,1
DA:18,1
DA:88,1
DA:95,0
DA:110,0
DA:125,0
DA:140,0
DA:155,0
DA:170,0
DA:185,0
DA:200,0
DA:215,0
DA:230,0
LF:22
LH:12
BRF:0
BRH:0
end_of_record
TN:
SF:components\condoms\Screen1.jsx
FN:47,Screen1
FNF:1
FNH:1
FNDA:1,Screen1
DA:6,1
DA:8,1
DA:48,1
LF:3
LH:3
BRF:0
BRH:0
end_of_record
TN:
SF:components\condoms\Screen10.jsx
FN:47,Screen10
FNF:1
FNH:1
FNDA:1,Screen10
DA:6,1
DA:8,1
DA:48,1
LF:3
LH:3
BRF:0
BRH:0
end_of_record
TN:
SF:components\condoms\Screen2.jsx
FN:47,Screen2
FNF:1
FNH:1
FNDA:1,Screen2
DA:6,1
DA:8,1
DA:48,1
LF:3
LH:3
BRF:0
BRH:0
end_of_record
TN:
SF:components\condoms\Screen3.jsx
FN:47,Screen3
FNF:1
FNH:1
FNDA:1,Screen3
DA:6,1
DA:8,1
DA:48,1
LF:3
LH:3
BRF:0
BRH:0
end_of_record
TN:
SF:components\condoms\Screen4.jsx
FN:47,Screen4
FNF:1
FNH:1
FNDA:1,Screen4
DA:6,1
DA:8,1
DA:48,1
LF:3
LH:3
BRF:0
BRH:0
end_of_record
TN:
SF:components\condoms\Screen5.jsx
FN:47,Screen5
FNF:1
FNH:1
FNDA:1,Screen5
DA:6,1
DA:8,1
DA:48,1
LF:3
LH:3
BRF:0
BRH:0
end_of_record
TN:
SF:components\condoms\Screen6.jsx
FN:47,Screen6
FNF:1
FNH:1
FNDA:1,Screen6
DA:6,1
DA:8,1
DA:48,1
LF:3
LH:3
BRF:0
BRH:0
end_of_record
TN:
SF:components\condoms\Screen7.jsx
FN:47,Screen7
FNF:1
FNH:1
FNDA:1,Screen7
DA:6,1
DA:8,1
DA:48,1
LF:3
LH:3
BRF:0
BRH:0
end_of_record
TN:
SF:components\condoms\Screen8.jsx
FN:47,Screen8
FNF:1
FNH:1
FNDA:1,Screen8
DA:6,1
DA:8,1
DA:48,1
LF:3
LH:3
BRF:0
BRH:0
end_of_record
TN:
SF:components\condoms\Screen9.jsx
FN:48,Screen9
FNF:1
FNH:1
FNDA:1,Screen9
DA:7,1
DA:9,1
DA:49,1
LF:3
LH:3
BRF:0
BRH:0
end_of_record
